<?xml version="1.0" encoding="UTF-8"?>
<testng-results ignored="92" total="93" passed="0" failed="1" skipped="0">
  <reporter-output>
  </reporter-output>
  <suite started-at="2023-01-19T13:41:40 EST" name="Default suite" finished-at="2023-01-19T13:42:06 EST" duration-ms="25785">
    <groups>
    </groups>
    <test started-at="2023-01-19T13:41:40 EST" name="Default test" finished-at="2023-01-19T13:42:06 EST" duration-ms="25785">
      <class name="com.pwc.productcentral.SanityTestCases">
        <test-method is-config="true" signature="setUp()[pri:0, instance:com.pwc.productcentral.SanityTestCases@3dedb4a6]" started-at="2023-01-19T13:41:40 EST" name="setUp" finished-at="2023-01-19T13:41:40 EST" duration-ms="95" status="PASS">
          <reporter-output>
          </reporter-output>
        </test-method> <!-- setUp -->
        <test-method is-config="true" signature="initTest()[pri:0, instance:com.pwc.productcentral.SanityTestCases@3dedb4a6]" started-at="2023-01-19T13:41:40 EST" name="initTest" finished-at="2023-01-19T13:41:40 EST" duration-ms="122" status="PASS">
          <reporter-output>
          </reporter-output>
        </test-method> <!-- initTest -->
        <test-method signature="WEB_58()[pri:0, instance:com.pwc.productcentral.SanityTestCases@3dedb4a6]" started-at="2023-01-19T13:41:40 EST" name="WEB_58" finished-at="2023-01-19T13:42:06 EST" duration-ms="25571" status="FAIL">
          <exception class="java.lang.AssertionError">
            <message>
              <![CDATA[expected [true] but found [false]]]>
            </message>
            <full-stacktrace>
              <![CDATA[java.lang.AssertionError: expected [true] but found [false]
at org.testng.Assert.fail(Assert.java:99)
at org.testng.Assert.failNotEquals(Assert.java:1037)
at org.testng.Assert.assertTrue(Assert.java:45)
at org.testng.Assert.assertTrue(Assert.java:55)
at Pages.ProductPage.setFirstTabActive(ProductPage.java:641)
at com.pwc.productcentral.SanityTestCases.WEB_58(SanityTestCases.java:783)
at java.base/jdk.internal.reflect.DirectMethodHandleAccessor.invoke(DirectMethodHandleAccessor.java:104)
at java.base/java.lang.reflect.Method.invoke(Method.java:577)
at org.testng.internal.MethodInvocationHelper.invokeMethod(MethodInvocationHelper.java:133)
at org.testng.internal.TestInvoker.invokeMethod(TestInvoker.java:598)
at org.testng.internal.TestInvoker.invokeTestMethod(TestInvoker.java:173)
at org.testng.internal.MethodRunner.runInSequence(MethodRunner.java:46)
at org.testng.internal.TestInvoker$MethodInvocationAgent.invoke(TestInvoker.java:824)
at org.testng.internal.TestInvoker.invokeTestMethods(TestInvoker.java:146)
at org.testng.internal.TestMethodWorker.invokeTestMethods(TestMethodWorker.java:146)
at org.testng.internal.TestMethodWorker.run(TestMethodWorker.java:128)
at java.base/java.util.ArrayList.forEach(ArrayList.java:1511)
at org.testng.TestRunner.privateRun(TestRunner.java:794)
at org.testng.TestRunner.run(TestRunner.java:596)
at org.testng.SuiteRunner.runTest(SuiteRunner.java:377)
at org.testng.SuiteRunner.runSequentially(SuiteRunner.java:371)
at org.testng.SuiteRunner.privateRun(SuiteRunner.java:332)
at org.testng.SuiteRunner.run(SuiteRunner.java:276)
at org.testng.SuiteRunnerWorker.runSuite(SuiteRunnerWorker.java:53)
at org.testng.SuiteRunnerWorker.run(SuiteRunnerWorker.java:96)
at org.testng.TestNG.runSuitesSequentially(TestNG.java:1212)
at org.testng.TestNG.runSuitesLocally(TestNG.java:1134)
at org.testng.TestNG.runSuites(TestNG.java:1063)
at org.testng.TestNG.run(TestNG.java:1031)
at org.testng.remote.AbstractRemoteTestNG.run(AbstractRemoteTestNG.java:115)
at org.testng.remote.RemoteTestNG.initAndRun(RemoteTestNG.java:251)
at org.testng.remote.RemoteTestNG.main(RemoteTestNG.java:77)
]]>
            </full-stacktrace>
          </exception> <!-- java.lang.AssertionError -->
          <reporter-output>
          </reporter-output>
        </test-method> <!-- WEB_58 -->
        <test-method is-config="true" signature="closeTabs()[pri:0, instance:com.pwc.productcentral.SanityTestCases@3dedb4a6]" started-at="2023-01-19T13:42:06 EST" name="closeTabs" finished-at="2023-01-19T13:42:06 EST" duration-ms="72" status="PASS">
          <reporter-output>
          </reporter-output>
        </test-method> <!-- closeTabs -->
        <test-method is-config="true" signature="closingBrowser()[pri:0, instance:com.pwc.productcentral.SanityTestCases@3dedb4a6]" started-at="2023-01-19T13:42:06 EST" name="closingBrowser" finished-at="2023-01-19T13:42:06 EST" duration-ms="180" status="PASS">
          <reporter-output>
          </reporter-output>
        </test-method> <!-- closingBrowser -->
      </class> <!-- com.pwc.productcentral.SanityTestCases -->
    </test> <!-- Default test -->
  </suite> <!-- Default suite -->
</testng-results>
